<?xml version="1.0" encoding="UTF-8"?>
<testng-results skipped="0" failed="0" ignored="0" total="1" passed="1">
  <reporter-output>
  </reporter-output>
  <suite name="Default suite" duration-ms="11933" started-at="2020-08-09T15:46:23Z" finished-at="2020-08-09T15:46:35Z">
    <groups>
      <group name="cucumber">
        <method signature="AbstractTestNGCucumberTests.runScenario(cucumber.api.testng.PickleEventWrapper, cucumber.api.testng.CucumberFeatureWrapper)[pri:0, instance:TestRunner.TestRunnerLogin@69ea3742]" name="runScenario" class="cucumber.api.testng.AbstractTestNGCucumberTests"/>
      </group> <!-- cucumber -->
    </groups>
    <test name="Default test" duration-ms="11933" started-at="2020-08-09T15:46:23Z" finished-at="2020-08-09T15:46:35Z">
      <class name="TestRunner.TestRunnerLogin">
        <test-method status="PASS" signature="setUpClass()[pri:0, instance:TestRunner.TestRunnerLogin@69ea3742]" name="setUpClass" is-config="true" duration-ms="171" started-at="2020-08-09T15:46:23Z" finished-at="2020-08-09T15:46:23Z">
          <reporter-output>
          </reporter-output>
        </test-method> <!-- setUpClass -->
        <test-method status="PASS" signature="runScenario(cucumber.api.testng.PickleEventWrapper, cucumber.api.testng.CucumberFeatureWrapper)[pri:0, instance:TestRunner.TestRunnerLogin@69ea3742]" name="runScenario" duration-ms="11533" started-at="2020-08-09T15:46:23Z" description="Runs Cucumber Scenarios" data-provider="scenarios" finished-at="2020-08-09T15:46:35Z">
          <params>
            <param index="0">
              <value>
                <![CDATA["Login with valid credential details"]]>
              </value>
            </param>
            <param index="1">
              <value>
                <![CDATA["Login into CRM site"]]>
              </value>
            </param>
          </params>
          <reporter-output>
          </reporter-output>
        </test-method> <!-- runScenario -->
        <test-method status="PASS" signature="tearDownClass()[pri:0, instance:TestRunner.TestRunnerLogin@69ea3742]" name="tearDownClass" is-config="true" duration-ms="157" started-at="2020-08-09T15:46:35Z" finished-at="2020-08-09T15:46:35Z">
          <reporter-output>
          </reporter-output>
        </test-method> <!-- tearDownClass -->
      </class> <!-- TestRunner.TestRunnerLogin -->
    </test> <!-- Default test -->
  </suite> <!-- Default suite -->
</testng-results>
